[38;5;112m[Appium][0m Welcome to Appium v3.1.1
[38;5;112m[Appium][0m Non-default server args:
[38;5;112m[Appium][0m { basePath: [32m'/wd/hub'[39m, loglevel: [32m'info'[39m, port: [33m64617[39m }
[38;5;112m[Appium][0m Attempting to load driver uiautomator2...
[38;5;112m[Appium][0m Appium REST http interface listener started on http://0.0.0.0:64617/wd/hub
[38;5;112m[Appium][0m You can provide the following URLs in your client code to connect to this server:
	http://192.168.43.187:64617/wd/hub
	http://127.0.0.1:64617/wd/hub (only accessible from the same host)
[38;5;112m[Appium][0m Available drivers:
[38;5;112m[Appium][0m   - uiautomator2@6.1.1 (automationName 'UiAutomator2')
[38;5;112m[Appium][0m No plugins have been installed. Use the "appium plugin" command to install the one(s) you want to use.
[38;5;86m[HTTP][0m [37m-->[39m [37mGET[39m [37m/wd/hub/status[39m [90m[39m
[38;5;86m[HTTP][0m [37m<-- GET /wd/hub/status [39m[32m200[39m [90m4 ms - 110[39m [90m[39m
[38;5;86m[HTTP][0m [37m-->[39m [37mGET[39m [37m/wd/hub/status[39m [90m[39m
[38;5;86m[HTTP][0m [37m<-- GET /wd/hub/status [39m[32m200[39m [90m1 ms - 110[39m [90m[39m
[38;5;86m[HTTP][0m [37m-->[39m [37mPOST[39m [37m/wd/hub/session[39m [90m{"capabilities":{"firstMatch":[{"appium:autoGrantPermissions":true,"appium:automationName":"uiautomator2","appium:deviceName":"vivo vivo 1904 (Android 11)","appium:newCommandTimeout":1800,"appium:platformVersion":"11","appium:systemPort":8287,"appium:udid":"QKR4M7FI9H8D9HFA","platformName":"ANDROID"}]},"desiredCapabilities":{"appium:autoGrantPermissions":true,"appium:automationName":"uiautomator2","appium:deviceName":"vivo vivo 1904 (Android 11)","appium:newCommandTimeout":1800,"appium:platformVersion":"11","appium:systemPort":8287,"appium:udid":"QKR4M7FI9H8D9HFA","platformName":"ANDROID"}}[39m
[38;5;123m[BaseDriver][0m The following arguments are not known and will be ignored: desiredCapabilities
[38;5;112m[Appium][0m Attempting to find matching driver for automationName 'uiautomator2' and platformName 'ANDROID'
[38;5;112m[Appium][0m The 'uiautomator2' driver was installed and matched caps.
[38;5;112m[Appium][0m Will require it at C:\Users\Asus Zenbook\.appium\node_modules\appium-uiautomator2-driver
[38;5;168m[AppiumDriver@7296][0m Appium v3.1.1 creating new AndroidUiautomator2Driver (v6.1.1) session
[38;5;168m[AppiumDriver@7296][0m Checking BaseDriver versions for Appium and AndroidUiautomator2Driver
[38;5;168m[AppiumDriver@7296][0m Appium's BaseDriver version is 10.1.1
[38;5;168m[AppiumDriver@7296][0m AndroidUiautomator2Driver's BaseDriver version is 10.1.1
[38;5;221m[b157d549][0m[38;5;1m[AndroidUiautomator2Driver@fb06][0m Session created with session id: b157d549-327a-47f9-b5e9-f94cc35c31b7
[38;5;221m[b157d549][0m[38;5;229m[ADB][0m Found 1 'build-tools' folders under 'C:\Users\Asus Zenbook\.katalon\tools\android_sdk' (newest first):
[38;5;221m[b157d549][0m[38;5;229m[ADB][0m     C:\Users\Asus Zenbook\.katalon\tools\android_sdk\build-tools\29.0.3
[38;5;221m[b157d549][0m[38;5;229m[ADB][0m Using 'adb.exe' from 'C:\Users\Asus Zenbook\.katalon\tools\android_sdk\platform-tools\adb.exe'
[38;5;221m[b157d549][0m[38;5;1m[AndroidUiautomator2Driver@fb06][0m Retrieving device list
[38;5;221m[b157d549][0m[38;5;1m[AndroidUiautomator2Driver@fb06][0m Using device: QKR4M7FI9H8D9HFA
[38;5;221m[b157d549][0m[38;5;229m[ADB][0m Using 'adb.exe' from 'C:\Users\Asus Zenbook\.katalon\tools\android_sdk\platform-tools\adb.exe'
[38;5;221m[b157d549][0m[38;5;1m[AndroidUiautomator2Driver@fb06][0m Neither 'app' nor 'appPackage' was set. Starting UiAutomator2 without the target application
[38;5;221m[b157d549][0m[38;5;229m[ADB][0m Getting device platform version
[38;5;221m[b157d549][0m[38;5;1m[AndroidUiautomator2Driver@fb06][0m Relaxing hidden api policy
[38;5;221m[b157d549][0m[38;5;229m[ADB][0m Using 'aapt2.exe' from 'C:\Users\Asus Zenbook\.katalon\tools\android_sdk\build-tools\29.0.3\aapt2.exe'
[38;5;221m[b157d549][0m[38;5;1m[AndroidUiautomator2Driver@fb06][0m Server packages are not going to be (re)installed
[38;5;221m[b157d549][0m[38;5;229m[ADB][0m Adding packages ["io.appium.settings","io.appium.uiautomator2.server","io.appium.uiautomator2.server.test"] to Doze whitelist
[38;5;221m[b157d549][0m[38;5;1m[AndroidUiautomator2Driver@fb06][0m Starting UIAutomator2 server 9.1.2
[38;5;221m[b157d549][0m[38;5;1m[AndroidUiautomator2Driver@fb06][0m Using UIAutomator2 server from 'C:\Users\Asus Zenbook\.appium\node_modules\appium-uiautomator2-driver\node_modules\appium-uiautomator2-server\apks\appium-uiautomator2-server-v9.1.2.apk' and test from 'C:\Users\Asus Zenbook\.appium\node_modules\appium-uiautomator2-driver\node_modules\appium-uiautomator2-server\apks\appium-uiautomator2-server-debug-androidTest.apk'
[38;5;221m[b157d549][0m[38;5;1m[AndroidUiautomator2Driver@fb06][0m Waiting up to 30000ms for UiAutomator2 to be online...
[38;5;221m[b157d549][0m[38;5;1m[AndroidUiautomator2Driver@fb06][0m socket hang up
[38;5;221m[b157d549][0m[38;5;1m[AndroidUiautomator2Driver@fb06][0m socket hang up
[38;5;221m[b157d549][0m[38;5;1m[AndroidUiautomator2Driver@fb06][0m socket hang up
[38;5;221m[b157d549][0m[38;5;1m[AndroidUiautomator2Driver@fb06][0m socket hang up
[38;5;221m[b157d549][0m[38;5;1m[AndroidUiautomator2Driver@fb06][0m Determined the downstream protocol as 'W3C'
[38;5;221m[b157d549][0m[38;5;1m[AndroidUiautomator2Driver@fb06][0m Screen already unlocked, doing nothing
[38;5;221m[b157d549][0m[38;5;168m[AppiumDriver@7296][0m New AndroidUiautomator2Driver session created successfully, session b157d549-327a-47f9-b5e9-f94cc35c31b7 added to master session list
[38;5;221m[b157d549][0m[38;5;86m[HTTP][0m [37m<-- POST /wd/hub/session [39m[32m200[39m [90m6538 ms - 973[39m [90m[39m
[38;5;86m[HTTP][0m [37m-->[39m [37mGET[39m [37m/status[39m [90m[39m
[38;5;86m[HTTP][0m [37m<-- GET /status [39m[33m404[39m [90m7 ms - 3245[39m [90m[39m
[38;5;221m[b157d549][0m[38;5;86m[HTTP][0m [37m-->[39m [37mPOST[39m [37m/wd/hub/session/b157d549-327a-47f9-b5e9-f94cc35c31b7/timeouts[39m [90m{"implicit":60000}[39m
[38;5;221m[b157d549][0m[38;5;86m[HTTP][0m [37m<-- POST /wd/hub/session/b157d549-327a-47f9-b5e9-f94cc35c31b7/timeouts [39m[32m200[39m [90m3 ms - 14[39m [90m[39m
[38;5;221m[b157d549][0m[38;5;86m[HTTP][0m [37m-->[39m [37mPOST[39m [37m/wd/hub/session/b157d549-327a-47f9-b5e9-f94cc35c31b7/execute/sync[39m [90m{"args":[],"script":"mobile: getSystemBars"}[39m
[38;5;221m[b157d549][0m[38;5;86m[HTTP][0m [37m<-- POST /wd/hub/session/b157d549-327a-47f9-b5e9-f94cc35c31b7/execute/sync [39m[32m200[39m [90m143 ms - 148[39m [90m[39m
[38;5;221m[b157d549][0m[38;5;86m[HTTP][0m [37m-->[39m [37mPOST[39m [37m/wd/hub/session/b157d549-327a-47f9-b5e9-f94cc35c31b7/execute/sync[39m [90m{"args":[{"appId":"com.avinashproduct.todo","bundleId":"com.avinashproduct.todo"}],"script":"mobile: activateApp"}[39m
[38;5;221m[b157d549][0m[38;5;123m[BaseDriver][0m The following arguments are not known and will be ignored: bundleId
[38;5;221m[b157d549][0m[38;5;86m[HTTP][0m [37m<-- POST /wd/hub/session/b157d549-327a-47f9-b5e9-f94cc35c31b7/execute/sync [39m[32m200[39m [90m221 ms - 14[39m [90m[39m
[38;5;221m[b157d549][0m[38;5;86m[HTTP][0m [37m-->[39m [37mGET[39m [37m/wd/hub/session/b157d549-327a-47f9-b5e9-f94cc35c31b7/source[39m [90m{}[39m
[38;5;221m[b157d549][0m[38;5;1m[AndroidUiautomator2Driver@fb06][0m Driver proxy active, passing request on via HTTP proxy
[38;5;221m[b157d549][0m[38;5;1m[AndroidUiautomator2Driver@fb06][0m Replacing sessionId 1808a344-3fc3-41be-a8c4-37b4ceb81493 with b157d549-327a-47f9-b5e9-f94cc35c31b7
[38;5;221m[b157d549][0m[38;5;86m[HTTP][0m [37m<-- GET /wd/hub/session/b157d549-327a-47f9-b5e9-f94cc35c31b7/source [39m[32m200[39m [90m192 ms - 9384[39m [90m[39m
[38;5;221m[b157d549][0m[38;5;86m[HTTP][0m [37m-->[39m [37mGET[39m [37m/wd/hub/session/b157d549-327a-47f9-b5e9-f94cc35c31b7/screenshot[39m [90m{}[39m
[38;5;221m[b157d549][0m[38;5;86m[HTTP][0m [37m<-- GET /wd/hub/session/b157d549-327a-47f9-b5e9-f94cc35c31b7/screenshot [39m[32m200[39m [90m675 ms - 104356[39m [90m[39m
[38;5;221m[b157d549][0m[38;5;86m[HTTP][0m [37m-->[39m [37mGET[39m [37m/wd/hub/session/b157d549-327a-47f9-b5e9-f94cc35c31b7/timeouts[39m [90m{}[39m
[38;5;221m[b157d549][0m[38;5;86m[HTTP][0m [37m<-- GET /wd/hub/session/b157d549-327a-47f9-b5e9-f94cc35c31b7/timeouts [39m[32m200[39m [90m2 ms - 46[39m [90m[39m
[38;5;221m[b157d549][0m[38;5;86m[HTTP][0m [37m-->[39m [37mPOST[39m [37m/wd/hub/session/b157d549-327a-47f9-b5e9-f94cc35c31b7/timeouts[39m [90m{"implicit":0}[39m
[38;5;221m[b157d549][0m[38;5;86m[HTTP][0m [37m<-- POST /wd/hub/session/b157d549-327a-47f9-b5e9-f94cc35c31b7/timeouts [39m[32m200[39m [90m1 ms - 14[39m [90m[39m
[38;5;221m[b157d549][0m[38;5;86m[HTTP][0m [37m-->[39m [37mPOST[39m [37m/wd/hub/session/b157d549-327a-47f9-b5e9-f94cc35c31b7/elements[39m [90m{"using":"xpath","value":"//*[@class = 'android.widget.RelativeLayout' and (@text = '' or . = '')]"}[39m
[38;5;221m[b157d549][0m[38;5;86m[HTTP][0m [37m<-- POST /wd/hub/session/b157d549-327a-47f9-b5e9-f94cc35c31b7/elements [39m[32m200[39m [90m888 ms - 267[39m [90m[39m
[38;5;221m[b157d549][0m[38;5;86m[HTTP][0m [37m-->[39m [37mPOST[39m [37m/wd/hub/session/b157d549-327a-47f9-b5e9-f94cc35c31b7/timeouts[39m [90m{"implicit":60000}[39m
[38;5;221m[b157d549][0m[38;5;86m[HTTP][0m [37m<-- POST /wd/hub/session/b157d549-327a-47f9-b5e9-f94cc35c31b7/timeouts [39m[32m200[39m [90m1 ms - 14[39m [90m[39m
[38;5;221m[b157d549][0m[38;5;86m[HTTP][0m [37m-->[39m [37mPOST[39m [37m/wd/hub/session/b157d549-327a-47f9-b5e9-f94cc35c31b7/element/00000000-0000-00cb-ffff-ffff00000012/click[39m [90m{"id":"00000000-0000-00cb-ffff-ffff00000012"}[39m
[38;5;221m[b157d549][0m[38;5;86m[HTTP][0m [37m<-- POST /wd/hub/session/b157d549-327a-47f9-b5e9-f94cc35c31b7/element/00000000-0000-00cb-ffff-ffff00000012/click [39m[32m200[39m [90m358 ms - 14[39m [90m[39m
[38;5;221m[b157d549][0m[38;5;86m[HTTP][0m [37m-->[39m [37mGET[39m [37m/wd/hub/session/b157d549-327a-47f9-b5e9-f94cc35c31b7/source[39m [90m{}[39m
[38;5;221m[b157d549][0m[38;5;1m[AndroidUiautomator2Driver@fb06][0m Driver proxy active, passing request on via HTTP proxy
[38;5;221m[b157d549][0m[38;5;1m[AndroidUiautomator2Driver@fb06][0m Replacing sessionId 1808a344-3fc3-41be-a8c4-37b4ceb81493 with b157d549-327a-47f9-b5e9-f94cc35c31b7
[38;5;221m[b157d549][0m[38;5;86m[HTTP][0m [37m<-- GET /wd/hub/session/b157d549-327a-47f9-b5e9-f94cc35c31b7/source [39m[32m200[39m [90m141 ms - 9384[39m [90m[39m
[38;5;221m[b157d549][0m[38;5;86m[HTTP][0m [37m-->[39m [37mGET[39m [37m/wd/hub/session/b157d549-327a-47f9-b5e9-f94cc35c31b7/screenshot[39m [90m{}[39m
[38;5;221m[b157d549][0m[38;5;86m[HTTP][0m [37m<-- GET /wd/hub/session/b157d549-327a-47f9-b5e9-f94cc35c31b7/screenshot [39m[32m200[39m [90m535 ms - 104204[39m [90m[39m
[38;5;221m[b157d549][0m[38;5;86m[HTTP][0m [37m-->[39m [37mGET[39m [37m/wd/hub/session/b157d549-327a-47f9-b5e9-f94cc35c31b7/source[39m [90m{}[39m
[38;5;221m[b157d549][0m[38;5;1m[AndroidUiautomator2Driver@fb06][0m Driver proxy active, passing request on via HTTP proxy
[38;5;221m[b157d549][0m[38;5;1m[AndroidUiautomator2Driver@fb06][0m Replacing sessionId 1808a344-3fc3-41be-a8c4-37b4ceb81493 with b157d549-327a-47f9-b5e9-f94cc35c31b7
[38;5;221m[b157d549][0m[38;5;86m[HTTP][0m [37m<-- GET /wd/hub/session/b157d549-327a-47f9-b5e9-f94cc35c31b7/source [39m[32m200[39m [90m161 ms - 12220[39m [90m[39m
[38;5;221m[b157d549][0m[38;5;86m[HTTP][0m [37m-->[39m [37mGET[39m [37m/wd/hub/session/b157d549-327a-47f9-b5e9-f94cc35c31b7/screenshot[39m [90m{}[39m
[38;5;221m[b157d549][0m[38;5;86m[HTTP][0m [37m<-- GET /wd/hub/session/b157d549-327a-47f9-b5e9-f94cc35c31b7/screenshot [39m[32m200[39m [90m674 ms - 35468[39m [90m[39m
[38;5;221m[b157d549][0m[38;5;86m[HTTP][0m [37m-->[39m [37mDELETE[39m [37m/wd/hub/session/b157d549-327a-47f9-b5e9-f94cc35c31b7[39m [90m{}[39m
[38;5;221m[b157d549][0m[38;5;168m[AppiumDriver@7296][0m Removing session b157d549-327a-47f9-b5e9-f94cc35c31b7 from our master session list
[38;5;221m[b157d549][0m[38;5;1m[AndroidUiautomator2Driver@fb06][0m Restoring hidden api policy to the device default configuration
[38;5;221m[b157d549][0m[38;5;86m[HTTP][0m [37m<-- DELETE /wd/hub/session/b157d549-327a-47f9-b5e9-f94cc35c31b7 [39m[32m200[39m [90m694 ms - 14[39m [90m[39m
